<?xml version="1.0" encoding="UTF-8"?>
<!-- Generated by org.testng.reporters.JUnitReportReporter -->
<testsuite hostname="DESKTOP-QI6H2EA" failures="0" tests="1" name="Base_class.Chrome_driver" time="133.786" errors="0" timestamp="2025-03-24T16:31:16 IST" skipped="0">
  <testcase classname="Base_class.Chrome_driver" name="lounch" time="133.786"/>
  <system-out/>
</testsuite> <!-- Base_class.Chrome_driver -->
